{
  "/Users/ales/Desktop/Cources/React/react-forms/src/App.tsx": {
    "path": "/Users/ales/Desktop/Cources/React/react-forms/src/App.tsx",
    "all": false,
    "statementMap": {
      "0": {
        "start": { "line": 1, "column": 0 },
        "end": { "line": 1, "column": 44 }
      },
      "1": {
        "start": { "line": 2, "column": 0 },
        "end": { "line": 2, "column": 42 }
      },
      "2": {
        "start": { "line": 3, "column": 0 },
        "end": { "line": 3, "column": 67 }
      },
      "3": {
        "start": { "line": 4, "column": 0 },
        "end": { "line": 4, "column": 80 }
      },
      "4": {
        "start": { "line": 5, "column": 0 },
        "end": { "line": 5, "column": 48 }
      },
      "5": {
        "start": { "line": 6, "column": 0 },
        "end": { "line": 6, "column": 45 }
      },
      "6": {
        "start": { "line": 7, "column": 0 },
        "end": { "line": 7, "column": 83 }
      },
      "7": {
        "start": { "line": 8, "column": 0 },
        "end": { "line": 8, "column": 66 }
      },
      "8": {
        "start": { "line": 9, "column": 0 },
        "end": { "line": 9, "column": 43 }
      },
      "9": {
        "start": { "line": 10, "column": 0 },
        "end": { "line": 10, "column": 71 }
      },
      "11": {
        "start": { "line": 12, "column": 0 },
        "end": { "line": 12, "column": 16 }
      },
      "12": {
        "start": { "line": 13, "column": 0 },
        "end": { "line": 13, "column": 56 }
      },
      "13": {
        "start": { "line": 14, "column": 0 },
        "end": { "line": 14, "column": 66 }
      },
      "14": {
        "start": { "line": 15, "column": 0 },
        "end": { "line": 15, "column": 78 }
      },
      "15": {
        "start": { "line": 16, "column": 0 },
        "end": { "line": 16, "column": 60 }
      },
      "16": {
        "start": { "line": 17, "column": 0 },
        "end": { "line": 17, "column": 46 }
      },
      "18": {
        "start": { "line": 19, "column": 0 },
        "end": { "line": 19, "column": 19 }
      },
      "19": {
        "start": { "line": 20, "column": 0 },
        "end": { "line": 20, "column": 31 }
      },
      "20": {
        "start": { "line": 21, "column": 0 },
        "end": { "line": 21, "column": 17 }
      },
      "22": {
        "start": { "line": 23, "column": 0 },
        "end": { "line": 23, "column": 50 }
      },
      "23": {
        "start": { "line": 24, "column": 0 },
        "end": { "line": 24, "column": 27 }
      },
      "24": {
        "start": { "line": 25, "column": 0 },
        "end": { "line": 25, "column": 26 }
      },
      "25": {
        "start": { "line": 26, "column": 0 },
        "end": { "line": 26, "column": 27 }
      },
      "27": {
        "start": { "line": 28, "column": 0 },
        "end": { "line": 28, "column": 22 }
      },
      "28": {
        "start": { "line": 29, "column": 0 },
        "end": { "line": 29, "column": 30 }
      },
      "29": {
        "start": { "line": 30, "column": 0 },
        "end": { "line": 30, "column": 13 }
      },
      "30": {
        "start": { "line": 31, "column": 0 },
        "end": { "line": 31, "column": 4 }
      },
      "32": {
        "start": { "line": 33, "column": 0 },
        "end": { "line": 33, "column": 10 }
      },
      "33": {
        "start": { "line": 34, "column": 0 },
        "end": { "line": 34, "column": 6 }
      },
      "34": {
        "start": { "line": 35, "column": 0 },
        "end": { "line": 35, "column": 13 }
      },
      "35": {
        "start": { "line": 36, "column": 0 },
        "end": { "line": 36, "column": 39 }
      },
      "36": {
        "start": { "line": 37, "column": 0 },
        "end": { "line": 37, "column": 49 }
      },
      "37": {
        "start": { "line": 38, "column": 0 },
        "end": { "line": 38, "column": 8 }
      },
      "39": {
        "start": { "line": 40, "column": 0 },
        "end": { "line": 40, "column": 25 }
      },
      "40": {
        "start": { "line": 41, "column": 0 },
        "end": { "line": 41, "column": 29 }
      },
      "41": {
        "start": { "line": 42, "column": 0 },
        "end": { "line": 42, "column": 30 }
      },
      "42": {
        "start": { "line": 43, "column": 0 },
        "end": { "line": 43, "column": 39 }
      },
      "43": {
        "start": { "line": 44, "column": 0 },
        "end": { "line": 44, "column": 10 }
      },
      "46": {
        "start": { "line": 47, "column": 0 },
        "end": { "line": 47, "column": 12 }
      },
      "47": {
        "start": { "line": 48, "column": 0 },
        "end": { "line": 48, "column": 28 }
      },
      "48": {
        "start": { "line": 49, "column": 0 },
        "end": { "line": 49, "column": 24 }
      },
      "49": {
        "start": { "line": 50, "column": 0 },
        "end": { "line": 50, "column": 32 }
      },
      "50": {
        "start": { "line": 51, "column": 0 },
        "end": { "line": 51, "column": 10 }
      },
      "52": {
        "start": { "line": 53, "column": 0 },
        "end": { "line": 53, "column": 29 }
      },
      "53": {
        "start": { "line": 54, "column": 0 },
        "end": { "line": 54, "column": 49 }
      },
      "55": {
        "start": { "line": 56, "column": 0 },
        "end": { "line": 56, "column": 58 }
      },
      "57": {
        "start": { "line": 58, "column": 0 },
        "end": { "line": 58, "column": 14 }
      },
      "58": {
        "start": { "line": 59, "column": 0 },
        "end": { "line": 59, "column": 7 }
      },
      "60": {
        "start": { "line": 61, "column": 0 },
        "end": { "line": 61, "column": 1 }
      },
      "62": {
        "start": { "line": 63, "column": 0 },
        "end": { "line": 63, "column": 19 }
      }
    },
    "s": {
      "0": 1,
      "1": 1,
      "2": 1,
      "3": 1,
      "4": 1,
      "5": 1,
      "6": 1,
      "7": 1,
      "8": 1,
      "9": 1,
      "11": 2,
      "12": 2,
      "13": 2,
      "14": 2,
      "15": 2,
      "16": 2,
      "18": 2,
      "19": 2,
      "20": 2,
      "22": 2,
      "23": 0,
      "24": 0,
      "25": 0,
      "27": 0,
      "28": 0,
      "29": 0,
      "30": 0,
      "32": 2,
      "33": 2,
      "34": 2,
      "35": 2,
      "36": 2,
      "37": 2,
      "39": 2,
      "40": 0,
      "41": 0,
      "42": 0,
      "43": 0,
      "46": 2,
      "47": 2,
      "48": 2,
      "49": 0,
      "50": 0,
      "52": 2,
      "53": 0,
      "55": 2,
      "57": 2,
      "58": 2,
      "60": 2,
      "62": 1
    },
    "branchMap": {
      "0": {
        "type": "branch",
        "line": 12,
        "loc": {
          "start": { "line": 12, "column": 0 },
          "end": { "line": 61, "column": 1 }
        },
        "locations": [
          {
            "start": { "line": 12, "column": 0 },
            "end": { "line": 61, "column": 1 }
          }
        ]
      },
      "1": {
        "type": "branch",
        "line": 40,
        "loc": {
          "start": { "line": 40, "column": 7 },
          "end": { "line": 44, "column": 10 }
        },
        "locations": [
          {
            "start": { "line": 40, "column": 7 },
            "end": { "line": 44, "column": 10 }
          }
        ]
      },
      "2": {
        "type": "branch",
        "line": 53,
        "loc": {
          "start": { "line": 53, "column": 9 },
          "end": { "line": 54, "column": 49 }
        },
        "locations": [
          {
            "start": { "line": 53, "column": 9 },
            "end": { "line": 54, "column": 49 }
          }
        ]
      },
      "3": {
        "type": "branch",
        "line": 19,
        "loc": {
          "start": { "line": 19, "column": 12 },
          "end": { "line": 21, "column": 5 }
        },
        "locations": [
          {
            "start": { "line": 19, "column": 12 },
            "end": { "line": 21, "column": 5 }
          }
        ]
      }
    },
    "b": { "0": [2], "1": [0], "2": [0], "3": [2] },
    "fnMap": {
      "0": {
        "name": "App",
        "decl": {
          "start": { "line": 12, "column": 0 },
          "end": { "line": 61, "column": 1 }
        },
        "loc": {
          "start": { "line": 12, "column": 0 },
          "end": { "line": 61, "column": 1 }
        },
        "line": 12
      },
      "1": {
        "name": "handleFormSubmit",
        "decl": {
          "start": { "line": 23, "column": 27 },
          "end": { "line": 31, "column": 4 }
        },
        "loc": {
          "start": { "line": 23, "column": 27 },
          "end": { "line": 31, "column": 4 }
        },
        "line": 23
      },
      "2": {
        "name": "onClose",
        "decl": {
          "start": { "line": 49, "column": 17 },
          "end": { "line": 51, "column": 10 }
        },
        "loc": {
          "start": { "line": 49, "column": 17 },
          "end": { "line": 51, "column": 10 }
        },
        "line": 49
      }
    },
    "f": { "0": 2, "1": 0, "2": 0 }
  },
  "/Users/ales/Desktop/Cources/React/react-forms/src/main.tsx": {
    "path": "/Users/ales/Desktop/Cources/React/react-forms/src/main.tsx",
    "all": true,
    "statementMap": {
      "0": {
        "start": { "line": 1, "column": 0 },
        "end": { "line": 1, "column": 35 }
      },
      "1": {
        "start": { "line": 2, "column": 0 },
        "end": { "line": 2, "column": 46 }
      },
      "2": {
        "start": { "line": 3, "column": 0 },
        "end": { "line": 3, "column": 39 }
      },
      "3": {
        "start": { "line": 4, "column": 0 },
        "end": { "line": 4, "column": 21 }
      },
      "4": {
        "start": { "line": 5, "column": 0 },
        "end": { "line": 5, "column": 28 }
      },
      "5": {
        "start": { "line": 6, "column": 0 },
        "end": { "line": 6, "column": 32 }
      },
      "7": {
        "start": { "line": 8, "column": 0 },
        "end": { "line": 8, "column": 52 }
      },
      "8": {
        "start": { "line": 9, "column": 0 },
        "end": { "line": 9, "column": 60 }
      },
      "10": {
        "start": { "line": 11, "column": 0 },
        "end": { "line": 11, "column": 31 }
      },
      "11": {
        "start": { "line": 12, "column": 0 },
        "end": { "line": 12, "column": 14 }
      },
      "12": {
        "start": { "line": 13, "column": 0 },
        "end": { "line": 13, "column": 28 }
      },
      "13": {
        "start": { "line": 14, "column": 0 },
        "end": { "line": 14, "column": 13 }
      },
      "14": {
        "start": { "line": 15, "column": 0 },
        "end": { "line": 15, "column": 15 }
      },
      "15": {
        "start": { "line": 16, "column": 0 },
        "end": { "line": 16, "column": 15 }
      },
      "16": {
        "start": { "line": 17, "column": 0 },
        "end": { "line": 17, "column": 2 }
      }
    },
    "s": {
      "0": 0,
      "1": 0,
      "2": 0,
      "3": 0,
      "4": 0,
      "5": 0,
      "7": 0,
      "8": 0,
      "10": 0,
      "11": 0,
      "12": 0,
      "13": 0,
      "14": 0,
      "15": 0,
      "16": 0
    },
    "branchMap": {
      "0": {
        "type": "branch",
        "line": 1,
        "loc": {
          "start": { "line": 1, "column": 405 },
          "end": { "line": 17, "column": -301 }
        },
        "locations": [
          {
            "start": { "line": 1, "column": 405 },
            "end": { "line": 17, "column": -301 }
          }
        ]
      }
    },
    "b": { "0": [0] },
    "fnMap": {
      "0": {
        "name": "(empty-report)",
        "decl": {
          "start": { "line": 1, "column": 405 },
          "end": { "line": 17, "column": -301 }
        },
        "loc": {
          "start": { "line": 1, "column": 405 },
          "end": { "line": 17, "column": -301 }
        },
        "line": 1
      }
    },
    "f": { "0": 0 }
  },
  "/Users/ales/Desktop/Cources/React/react-forms/src/api/baseUrl.ts": {
    "path": "/Users/ales/Desktop/Cources/React/react-forms/src/api/baseUrl.ts",
    "all": false,
    "statementMap": {
      "0": {
        "start": { "line": 1, "column": 0 },
        "end": { "line": 1, "column": 50 }
      },
      "1": {
        "start": { "line": 2, "column": 0 },
        "end": { "line": 2, "column": 15 }
      },
      "2": {
        "start": { "line": 3, "column": 0 },
        "end": { "line": 3, "column": 75 }
      },
      "43": {
        "start": { "line": 44, "column": 0 },
        "end": { "line": 44, "column": 57 }
      },
      "44": {
        "start": { "line": 45, "column": 0 },
        "end": { "line": 45, "column": 7 }
      },
      "45": {
        "start": { "line": 46, "column": 0 },
        "end": { "line": 46, "column": 45 }
      },
      "46": {
        "start": { "line": 47, "column": 0 },
        "end": { "line": 47, "column": 33 }
      },
      "47": {
        "start": { "line": 48, "column": 0 },
        "end": { "line": 48, "column": 6 }
      },
      "49": {
        "start": { "line": 50, "column": 0 },
        "end": { "line": 50, "column": 17 }
      },
      "50": {
        "start": { "line": 51, "column": 0 },
        "end": { "line": 51, "column": 52 }
      },
      "51": {
        "start": { "line": 52, "column": 0 },
        "end": { "line": 52, "column": 5 }
      },
      "53": {
        "start": { "line": 54, "column": 0 },
        "end": { "line": 54, "column": 43 }
      },
      "54": {
        "start": { "line": 55, "column": 0 },
        "end": { "line": 55, "column": 20 }
      },
      "55": {
        "start": { "line": 56, "column": 0 },
        "end": { "line": 56, "column": 14 }
      },
      "56": {
        "start": { "line": 57, "column": 0 },
        "end": { "line": 57, "column": 7 }
      },
      "58": {
        "start": { "line": 59, "column": 0 },
        "end": { "line": 59, "column": 23 }
      },
      "59": {
        "start": { "line": 60, "column": 0 },
        "end": { "line": 60, "column": 62 }
      },
      "60": {
        "start": { "line": 61, "column": 0 },
        "end": { "line": 61, "column": 71 }
      },
      "61": {
        "start": { "line": 62, "column": 0 },
        "end": { "line": 62, "column": 5 }
      },
      "63": {
        "start": { "line": 64, "column": 0 },
        "end": { "line": 64, "column": 39 }
      },
      "65": {
        "start": { "line": 66, "column": 0 },
        "end": { "line": 66, "column": 16 }
      },
      "66": {
        "start": { "line": 67, "column": 0 },
        "end": { "line": 67, "column": 19 }
      },
      "67": {
        "start": { "line": 68, "column": 0 },
        "end": { "line": 68, "column": 54 }
      },
      "68": {
        "start": { "line": 69, "column": 0 },
        "end": { "line": 69, "column": 12 }
      },
      "69": {
        "start": { "line": 70, "column": 0 },
        "end": { "line": 70, "column": 7 }
      },
      "70": {
        "start": { "line": 71, "column": 0 },
        "end": { "line": 71, "column": 25 }
      },
      "71": {
        "start": { "line": 72, "column": 0 },
        "end": { "line": 72, "column": 26 }
      },
      "72": {
        "start": { "line": 73, "column": 0 },
        "end": { "line": 73, "column": 36 }
      },
      "73": {
        "start": { "line": 74, "column": 0 },
        "end": { "line": 74, "column": 22 }
      },
      "74": {
        "start": { "line": 75, "column": 0 },
        "end": { "line": 75, "column": 32 }
      },
      "75": {
        "start": { "line": 76, "column": 0 },
        "end": { "line": 76, "column": 26 }
      },
      "76": {
        "start": { "line": 77, "column": 0 },
        "end": { "line": 77, "column": 36 }
      },
      "77": {
        "start": { "line": 78, "column": 0 },
        "end": { "line": 78, "column": 20 }
      },
      "78": {
        "start": { "line": 79, "column": 0 },
        "end": { "line": 79, "column": 51 }
      },
      "79": {
        "start": { "line": 80, "column": 0 },
        "end": { "line": 80, "column": 60 }
      },
      "80": {
        "start": { "line": 81, "column": 0 },
        "end": { "line": 81, "column": 63 }
      },
      "81": {
        "start": { "line": 82, "column": 0 },
        "end": { "line": 82, "column": 21 }
      },
      "82": {
        "start": { "line": 83, "column": 0 },
        "end": { "line": 83, "column": 38 }
      },
      "83": {
        "start": { "line": 84, "column": 0 },
        "end": { "line": 84, "column": 69 }
      },
      "84": {
        "start": { "line": 85, "column": 0 },
        "end": { "line": 85, "column": 30 }
      },
      "85": {
        "start": { "line": 86, "column": 0 },
        "end": { "line": 86, "column": 22 }
      },
      "86": {
        "start": { "line": 87, "column": 0 },
        "end": { "line": 87, "column": 16 }
      },
      "87": {
        "start": { "line": 88, "column": 0 },
        "end": { "line": 88, "column": 36 }
      },
      "88": {
        "start": { "line": 89, "column": 0 },
        "end": { "line": 89, "column": 49 }
      },
      "89": {
        "start": { "line": 90, "column": 0 },
        "end": { "line": 90, "column": 12 }
      },
      "90": {
        "start": { "line": 91, "column": 0 },
        "end": { "line": 91, "column": 10 }
      },
      "91": {
        "start": { "line": 92, "column": 0 },
        "end": { "line": 92, "column": 27 }
      },
      "92": {
        "start": { "line": 93, "column": 0 },
        "end": { "line": 93, "column": 50 }
      },
      "93": {
        "start": { "line": 94, "column": 0 },
        "end": { "line": 94, "column": 30 }
      },
      "94": {
        "start": { "line": 95, "column": 0 },
        "end": { "line": 95, "column": 27 }
      },
      "95": {
        "start": { "line": 96, "column": 0 },
        "end": { "line": 96, "column": 26 }
      },
      "96": {
        "start": { "line": 97, "column": 0 },
        "end": { "line": 97, "column": 35 }
      },
      "97": {
        "start": { "line": 98, "column": 0 },
        "end": { "line": 98, "column": 33 }
      },
      "98": {
        "start": { "line": 99, "column": 0 },
        "end": { "line": 99, "column": 32 }
      },
      "99": {
        "start": { "line": 100, "column": 0 },
        "end": { "line": 100, "column": 47 }
      },
      "100": {
        "start": { "line": 101, "column": 0 },
        "end": { "line": 101, "column": 8 }
      },
      "101": {
        "start": { "line": 102, "column": 0 },
        "end": { "line": 102, "column": 7 }
      },
      "102": {
        "start": { "line": 103, "column": 0 },
        "end": { "line": 103, "column": 25 }
      },
      "103": {
        "start": { "line": 104, "column": 0 },
        "end": { "line": 104, "column": 26 }
      },
      "104": {
        "start": { "line": 105, "column": 0 },
        "end": { "line": 105, "column": 36 }
      },
      "105": {
        "start": { "line": 106, "column": 0 },
        "end": { "line": 106, "column": 22 }
      },
      "106": {
        "start": { "line": 107, "column": 0 },
        "end": { "line": 107, "column": 25 }
      },
      "107": {
        "start": { "line": 108, "column": 0 },
        "end": { "line": 108, "column": 26 }
      },
      "108": {
        "start": { "line": 109, "column": 0 },
        "end": { "line": 109, "column": 26 }
      },
      "109": {
        "start": { "line": 110, "column": 0 },
        "end": { "line": 110, "column": 20 }
      },
      "110": {
        "start": { "line": 111, "column": 0 },
        "end": { "line": 111, "column": 57 }
      },
      "111": {
        "start": { "line": 112, "column": 0 },
        "end": { "line": 112, "column": 60 }
      },
      "112": {
        "start": { "line": 113, "column": 0 },
        "end": { "line": 113, "column": 63 }
      },
      "113": {
        "start": { "line": 114, "column": 0 },
        "end": { "line": 114, "column": 21 }
      },
      "114": {
        "start": { "line": 115, "column": 0 },
        "end": { "line": 115, "column": 53 }
      },
      "115": {
        "start": { "line": 116, "column": 0 },
        "end": { "line": 116, "column": 69 }
      },
      "116": {
        "start": { "line": 117, "column": 0 },
        "end": { "line": 117, "column": 23 }
      },
      "117": {
        "start": { "line": 118, "column": 0 },
        "end": { "line": 118, "column": 71 }
      },
      "118": {
        "start": { "line": 119, "column": 0 },
        "end": { "line": 119, "column": 27 }
      },
      "119": {
        "start": { "line": 120, "column": 0 },
        "end": { "line": 120, "column": 32 }
      },
      "120": {
        "start": { "line": 121, "column": 0 },
        "end": { "line": 121, "column": 29 }
      },
      "121": {
        "start": { "line": 122, "column": 0 },
        "end": { "line": 122, "column": 27 }
      },
      "122": {
        "start": { "line": 123, "column": 0 },
        "end": { "line": 123, "column": 26 }
      },
      "123": {
        "start": { "line": 124, "column": 0 },
        "end": { "line": 124, "column": 35 }
      },
      "124": {
        "start": { "line": 125, "column": 0 },
        "end": { "line": 125, "column": 33 }
      },
      "125": {
        "start": { "line": 126, "column": 0 },
        "end": { "line": 126, "column": 32 }
      },
      "126": {
        "start": { "line": 127, "column": 0 },
        "end": { "line": 127, "column": 40 }
      },
      "127": {
        "start": { "line": 128, "column": 0 },
        "end": { "line": 128, "column": 8 }
      },
      "128": {
        "start": { "line": 129, "column": 0 },
        "end": { "line": 129, "column": 7 }
      },
      "129": {
        "start": { "line": 130, "column": 0 },
        "end": { "line": 130, "column": 25 }
      },
      "130": {
        "start": { "line": 131, "column": 0 },
        "end": { "line": 131, "column": 26 }
      },
      "131": {
        "start": { "line": 132, "column": 0 },
        "end": { "line": 132, "column": 35 }
      },
      "132": {
        "start": { "line": 133, "column": 0 },
        "end": { "line": 133, "column": 21 }
      },
      "133": {
        "start": { "line": 134, "column": 0 },
        "end": { "line": 134, "column": 25 }
      },
      "134": {
        "start": { "line": 135, "column": 0 },
        "end": { "line": 135, "column": 27 }
      },
      "135": {
        "start": { "line": 136, "column": 0 },
        "end": { "line": 136, "column": 26 }
      },
      "136": {
        "start": { "line": 137, "column": 0 },
        "end": { "line": 137, "column": 20 }
      },
      "137": {
        "start": { "line": 138, "column": 0 },
        "end": { "line": 138, "column": 55 }
      },
      "138": {
        "start": { "line": 139, "column": 0 },
        "end": { "line": 139, "column": 58 }
      },
      "139": {
        "start": { "line": 140, "column": 0 },
        "end": { "line": 140, "column": 63 }
      },
      "140": {
        "start": { "line": 141, "column": 0 },
        "end": { "line": 141, "column": 21 }
      },
      "141": {
        "start": { "line": 142, "column": 0 },
        "end": { "line": 142, "column": 38 }
      },
      "142": {
        "start": { "line": 143, "column": 0 },
        "end": { "line": 143, "column": 67 }
      },
      "143": {
        "start": { "line": 144, "column": 0 },
        "end": { "line": 144, "column": 31 }
      },
      "144": {
        "start": { "line": 145, "column": 0 },
        "end": { "line": 145, "column": 22 }
      },
      "145": {
        "start": { "line": 146, "column": 0 },
        "end": { "line": 146, "column": 16 }
      },
      "146": {
        "start": { "line": 147, "column": 0 },
        "end": { "line": 147, "column": 37 }
      },
      "147": {
        "start": { "line": 148, "column": 0 },
        "end": { "line": 148, "column": 77 }
      },
      "148": {
        "start": { "line": 149, "column": 0 },
        "end": { "line": 149, "column": 12 }
      },
      "149": {
        "start": { "line": 150, "column": 0 },
        "end": { "line": 150, "column": 10 }
      },
      "150": {
        "start": { "line": 151, "column": 0 },
        "end": { "line": 151, "column": 27 }
      },
      "151": {
        "start": { "line": 152, "column": 0 },
        "end": { "line": 152, "column": 78 }
      },
      "152": {
        "start": { "line": 153, "column": 0 },
        "end": { "line": 153, "column": 29 }
      },
      "153": {
        "start": { "line": 154, "column": 0 },
        "end": { "line": 154, "column": 25 }
      },
      "154": {
        "start": { "line": 155, "column": 0 },
        "end": { "line": 155, "column": 26 }
      },
      "155": {
        "start": { "line": 156, "column": 0 },
        "end": { "line": 156, "column": 37 }
      },
      "156": {
        "start": { "line": 157, "column": 0 },
        "end": { "line": 157, "column": 33 }
      },
      "157": {
        "start": { "line": 158, "column": 0 },
        "end": { "line": 158, "column": 32 }
      },
      "158": {
        "start": { "line": 159, "column": 0 },
        "end": { "line": 159, "column": 48 }
      },
      "159": {
        "start": { "line": 160, "column": 0 },
        "end": { "line": 160, "column": 8 }
      },
      "160": {
        "start": { "line": 161, "column": 0 },
        "end": { "line": 161, "column": 7 }
      },
      "161": {
        "start": { "line": 162, "column": 0 },
        "end": { "line": 162, "column": 25 }
      },
      "162": {
        "start": { "line": 163, "column": 0 },
        "end": { "line": 163, "column": 26 }
      },
      "163": {
        "start": { "line": 164, "column": 0 },
        "end": { "line": 164, "column": 36 }
      },
      "164": {
        "start": { "line": 165, "column": 0 },
        "end": { "line": 165, "column": 21 }
      },
      "165": {
        "start": { "line": 166, "column": 0 },
        "end": { "line": 166, "column": 18 }
      },
      "166": {
        "start": { "line": 167, "column": 0 },
        "end": { "line": 167, "column": 16 }
      },
      "167": {
        "start": { "line": 168, "column": 0 },
        "end": { "line": 168, "column": 16 }
      },
      "168": {
        "start": { "line": 169, "column": 0 },
        "end": { "line": 169, "column": 16 }
      },
      "169": {
        "start": { "line": 170, "column": 0 },
        "end": { "line": 170, "column": 16 }
      },
      "170": {
        "start": { "line": 171, "column": 0 },
        "end": { "line": 171, "column": 16 }
      },
      "171": {
        "start": { "line": 172, "column": 0 },
        "end": { "line": 172, "column": 16 }
      },
      "172": {
        "start": { "line": 173, "column": 0 },
        "end": { "line": 173, "column": 16 }
      },
      "173": {
        "start": { "line": 174, "column": 0 },
        "end": { "line": 174, "column": 16 }
      },
      "174": {
        "start": { "line": 175, "column": 0 },
        "end": { "line": 175, "column": 16 }
      },
      "175": {
        "start": { "line": 176, "column": 0 },
        "end": { "line": 176, "column": 10 }
      },
      "176": {
        "start": { "line": 177, "column": 0 },
        "end": { "line": 177, "column": 27 }
      },
      "177": {
        "start": { "line": 178, "column": 0 },
        "end": { "line": 178, "column": 26 }
      },
      "178": {
        "start": { "line": 179, "column": 0 },
        "end": { "line": 179, "column": 20 }
      },
      "179": {
        "start": { "line": 180, "column": 0 },
        "end": { "line": 180, "column": 46 }
      },
      "180": {
        "start": { "line": 181, "column": 0 },
        "end": { "line": 181, "column": 56 }
      },
      "181": {
        "start": { "line": 182, "column": 0 },
        "end": { "line": 182, "column": 63 }
      },
      "182": {
        "start": { "line": 183, "column": 0 },
        "end": { "line": 183, "column": 21 }
      },
      "183": {
        "start": { "line": 184, "column": 0 },
        "end": { "line": 184, "column": 37 }
      },
      "184": {
        "start": { "line": 185, "column": 0 },
        "end": { "line": 185, "column": 63 }
      },
      "185": {
        "start": { "line": 186, "column": 0 },
        "end": { "line": 186, "column": 24 }
      },
      "186": {
        "start": { "line": 187, "column": 0 },
        "end": { "line": 187, "column": 22 }
      },
      "187": {
        "start": { "line": 188, "column": 0 },
        "end": { "line": 188, "column": 16 }
      },
      "188": {
        "start": { "line": 189, "column": 0 },
        "end": { "line": 189, "column": 34 }
      },
      "189": {
        "start": { "line": 190, "column": 0 },
        "end": { "line": 190, "column": 51 }
      },
      "190": {
        "start": { "line": 191, "column": 0 },
        "end": { "line": 191, "column": 12 }
      },
      "191": {
        "start": { "line": 192, "column": 0 },
        "end": { "line": 192, "column": 10 }
      },
      "192": {
        "start": { "line": 193, "column": 0 },
        "end": { "line": 193, "column": 27 }
      },
      "193": {
        "start": { "line": 194, "column": 0 },
        "end": { "line": 194, "column": 53 }
      },
      "194": {
        "start": { "line": 195, "column": 0 },
        "end": { "line": 195, "column": 29 }
      },
      "195": {
        "start": { "line": 196, "column": 0 },
        "end": { "line": 196, "column": 25 }
      },
      "196": {
        "start": { "line": 197, "column": 0 },
        "end": { "line": 197, "column": 26 }
      },
      "197": {
        "start": { "line": 198, "column": 0 },
        "end": { "line": 198, "column": 36 }
      },
      "198": {
        "start": { "line": 199, "column": 0 },
        "end": { "line": 199, "column": 33 }
      },
      "199": {
        "start": { "line": 200, "column": 0 },
        "end": { "line": 200, "column": 32 }
      },
      "200": {
        "start": { "line": 201, "column": 0 },
        "end": { "line": 201, "column": 41 }
      },
      "201": {
        "start": { "line": 202, "column": 0 },
        "end": { "line": 202, "column": 8 }
      },
      "202": {
        "start": { "line": 203, "column": 0 },
        "end": { "line": 203, "column": 7 }
      },
      "203": {
        "start": { "line": 204, "column": 0 },
        "end": { "line": 204, "column": 25 }
      },
      "204": {
        "start": { "line": 205, "column": 0 },
        "end": { "line": 205, "column": 26 }
      },
      "205": {
        "start": { "line": 206, "column": 0 },
        "end": { "line": 206, "column": 36 }
      },
      "206": {
        "start": { "line": 207, "column": 0 },
        "end": { "line": 207, "column": 21 }
      },
      "207": {
        "start": { "line": 208, "column": 0 },
        "end": { "line": 208, "column": 74 }
      },
      "208": {
        "start": { "line": 209, "column": 0 },
        "end": { "line": 209, "column": 27 }
      },
      "209": {
        "start": { "line": 210, "column": 0 },
        "end": { "line": 210, "column": 25 }
      },
      "210": {
        "start": { "line": 211, "column": 0 },
        "end": { "line": 211, "column": 20 }
      },
      "211": {
        "start": { "line": 212, "column": 0 },
        "end": { "line": 212, "column": 46 }
      },
      "212": {
        "start": { "line": 213, "column": 0 },
        "end": { "line": 213, "column": 56 }
      },
      "213": {
        "start": { "line": 214, "column": 0 },
        "end": { "line": 214, "column": 63 }
      },
      "214": {
        "start": { "line": 215, "column": 0 },
        "end": { "line": 215, "column": 21 }
      },
      "215": {
        "start": { "line": 216, "column": 0 },
        "end": { "line": 216, "column": 37 }
      },
      "216": {
        "start": { "line": 217, "column": 0 },
        "end": { "line": 217, "column": 65 }
      },
      "217": {
        "start": { "line": 218, "column": 0 },
        "end": { "line": 218, "column": 23 }
      },
      "218": {
        "start": { "line": 219, "column": 0 },
        "end": { "line": 219, "column": 80 }
      },
      "219": {
        "start": { "line": 220, "column": 0 },
        "end": { "line": 220, "column": 27 }
      },
      "220": {
        "start": { "line": 221, "column": 0 },
        "end": { "line": 221, "column": 41 }
      },
      "221": {
        "start": { "line": 222, "column": 0 },
        "end": { "line": 222, "column": 29 }
      },
      "222": {
        "start": { "line": 223, "column": 0 },
        "end": { "line": 223, "column": 25 }
      },
      "223": {
        "start": { "line": 224, "column": 0 },
        "end": { "line": 224, "column": 26 }
      },
      "224": {
        "start": { "line": 225, "column": 0 },
        "end": { "line": 225, "column": 36 }
      },
      "225": {
        "start": { "line": 226, "column": 0 },
        "end": { "line": 226, "column": 33 }
      },
      "226": {
        "start": { "line": 227, "column": 0 },
        "end": { "line": 227, "column": 32 }
      },
      "227": {
        "start": { "line": 228, "column": 0 },
        "end": { "line": 228, "column": 40 }
      },
      "228": {
        "start": { "line": 229, "column": 0 },
        "end": { "line": 229, "column": 8 }
      },
      "229": {
        "start": { "line": 230, "column": 0 },
        "end": { "line": 230, "column": 7 }
      },
      "230": {
        "start": { "line": 231, "column": 0 },
        "end": { "line": 231, "column": 25 }
      },
      "231": {
        "start": { "line": 232, "column": 0 },
        "end": { "line": 232, "column": 26 }
      },
      "232": {
        "start": { "line": 233, "column": 0 },
        "end": { "line": 233, "column": 36 }
      },
      "233": {
        "start": { "line": 234, "column": 0 },
        "end": { "line": 234, "column": 21 }
      },
      "234": {
        "start": { "line": 235, "column": 0 },
        "end": { "line": 235, "column": 20 }
      },
      "235": {
        "start": { "line": 236, "column": 0 },
        "end": { "line": 236, "column": 27 }
      },
      "236": {
        "start": { "line": 237, "column": 0 },
        "end": { "line": 237, "column": 25 }
      },
      "237": {
        "start": { "line": 238, "column": 0 },
        "end": { "line": 238, "column": 20 }
      },
      "238": {
        "start": { "line": 239, "column": 0 },
        "end": { "line": 239, "column": 54 }
      },
      "239": {
        "start": { "line": 240, "column": 0 },
        "end": { "line": 240, "column": 60 }
      },
      "240": {
        "start": { "line": 241, "column": 0 },
        "end": { "line": 241, "column": 63 }
      },
      "241": {
        "start": { "line": 242, "column": 0 },
        "end": { "line": 242, "column": 21 }
      },
      "242": {
        "start": { "line": 243, "column": 0 },
        "end": { "line": 243, "column": 39 }
      },
      "243": {
        "start": { "line": 244, "column": 0 },
        "end": { "line": 244, "column": 69 }
      },
      "244": {
        "start": { "line": 245, "column": 0 },
        "end": { "line": 245, "column": 22 }
      },
      "245": {
        "start": { "line": 246, "column": 0 },
        "end": { "line": 246, "column": 64 }
      },
      "246": {
        "start": { "line": 247, "column": 0 },
        "end": { "line": 247, "column": 27 }
      },
      "247": {
        "start": { "line": 248, "column": 0 },
        "end": { "line": 248, "column": 31 }
      },
      "248": {
        "start": { "line": 249, "column": 0 },
        "end": { "line": 249, "column": 30 }
      },
      "249": {
        "start": { "line": 250, "column": 0 },
        "end": { "line": 250, "column": 23 }
      },
      "250": {
        "start": { "line": 251, "column": 0 },
        "end": { "line": 251, "column": 26 }
      },
      "251": {
        "start": { "line": 252, "column": 0 },
        "end": { "line": 252, "column": 34 }
      },
      "252": {
        "start": { "line": 253, "column": 0 },
        "end": { "line": 253, "column": 33 }
      },
      "253": {
        "start": { "line": 254, "column": 0 },
        "end": { "line": 254, "column": 32 }
      },
      "254": {
        "start": { "line": 255, "column": 0 },
        "end": { "line": 255, "column": 39 }
      },
      "255": {
        "start": { "line": 256, "column": 0 },
        "end": { "line": 256, "column": 8 }
      },
      "256": {
        "start": { "line": 257, "column": 0 },
        "end": { "line": 257, "column": 7 }
      },
      "257": {
        "start": { "line": 258, "column": 0 },
        "end": { "line": 258, "column": 25 }
      },
      "258": {
        "start": { "line": 259, "column": 0 },
        "end": { "line": 259, "column": 26 }
      },
      "259": {
        "start": { "line": 260, "column": 0 },
        "end": { "line": 260, "column": 36 }
      },
      "260": {
        "start": { "line": 261, "column": 0 },
        "end": { "line": 261, "column": 22 }
      },
      "261": {
        "start": { "line": 262, "column": 0 },
        "end": { "line": 262, "column": 20 }
      },
      "262": {
        "start": { "line": 263, "column": 0 },
        "end": { "line": 263, "column": 27 }
      },
      "263": {
        "start": { "line": 264, "column": 0 },
        "end": { "line": 264, "column": 28 }
      },
      "264": {
        "start": { "line": 265, "column": 0 },
        "end": { "line": 265, "column": 20 }
      },
      "265": {
        "start": { "line": 266, "column": 0 },
        "end": { "line": 266, "column": 59 }
      },
      "266": {
        "start": { "line": 267, "column": 0 },
        "end": { "line": 267, "column": 64 }
      },
      "267": {
        "start": { "line": 268, "column": 0 },
        "end": { "line": 268, "column": 63 }
      },
      "268": {
        "start": { "line": 269, "column": 0 },
        "end": { "line": 269, "column": 21 }
      },
      "269": {
        "start": { "line": 270, "column": 0 },
        "end": { "line": 270, "column": 38 }
      },
      "270": {
        "start": { "line": 271, "column": 0 },
        "end": { "line": 271, "column": 69 }
      },
      "271": {
        "start": { "line": 272, "column": 0 },
        "end": { "line": 272, "column": 26 }
      },
      "272": {
        "start": { "line": 273, "column": 0 },
        "end": { "line": 273, "column": 22 }
      },
      "273": {
        "start": { "line": 274, "column": 0 },
        "end": { "line": 274, "column": 78 }
      },
      "274": {
        "start": { "line": 275, "column": 0 },
        "end": { "line": 275, "column": 10 }
      },
      "275": {
        "start": { "line": 276, "column": 0 },
        "end": { "line": 276, "column": 27 }
      },
      "276": {
        "start": { "line": 277, "column": 0 },
        "end": { "line": 277, "column": 51 }
      },
      "277": {
        "start": { "line": 278, "column": 0 },
        "end": { "line": 278, "column": 29 }
      },
      "278": {
        "start": { "line": 279, "column": 0 },
        "end": { "line": 279, "column": 26 }
      },
      "279": {
        "start": { "line": 280, "column": 0 },
        "end": { "line": 280, "column": 26 }
      },
      "280": {
        "start": { "line": 281, "column": 0 },
        "end": { "line": 281, "column": 47 }
      },
      "281": {
        "start": { "line": 282, "column": 0 },
        "end": { "line": 282, "column": 33 }
      },
      "282": {
        "start": { "line": 283, "column": 0 },
        "end": { "line": 283, "column": 32 }
      },
      "283": {
        "start": { "line": 284, "column": 0 },
        "end": { "line": 284, "column": 43 }
      },
      "284": {
        "start": { "line": 285, "column": 0 },
        "end": { "line": 285, "column": 8 }
      },
      "285": {
        "start": { "line": 286, "column": 0 },
        "end": { "line": 286, "column": 7 }
      },
      "286": {
        "start": { "line": 287, "column": 0 },
        "end": { "line": 287, "column": 25 }
      },
      "287": {
        "start": { "line": 288, "column": 0 },
        "end": { "line": 288, "column": 26 }
      },
      "288": {
        "start": { "line": 289, "column": 0 },
        "end": { "line": 289, "column": 36 }
      },
      "289": {
        "start": { "line": 290, "column": 0 },
        "end": { "line": 290, "column": 22 }
      },
      "290": {
        "start": { "line": 291, "column": 0 },
        "end": { "line": 291, "column": 18 }
      },
      "291": {
        "start": { "line": 292, "column": 0 },
        "end": { "line": 292, "column": 16 }
      },
      "292": {
        "start": { "line": 293, "column": 0 },
        "end": { "line": 293, "column": 16 }
      },
      "293": {
        "start": { "line": 294, "column": 0 },
        "end": { "line": 294, "column": 16 }
      },
      "294": {
        "start": { "line": 295, "column": 0 },
        "end": { "line": 295, "column": 16 }
      },
      "295": {
        "start": { "line": 296, "column": 0 },
        "end": { "line": 296, "column": 16 }
      },
      "296": {
        "start": { "line": 297, "column": 0 },
        "end": { "line": 297, "column": 16 }
      },
      "297": {
        "start": { "line": 298, "column": 0 },
        "end": { "line": 298, "column": 16 }
      },
      "298": {
        "start": { "line": 299, "column": 0 },
        "end": { "line": 299, "column": 16 }
      },
      "299": {
        "start": { "line": 300, "column": 0 },
        "end": { "line": 300, "column": 16 }
      },
      "300": {
        "start": { "line": 301, "column": 0 },
        "end": { "line": 301, "column": 16 }
      },
      "301": {
        "start": { "line": 302, "column": 0 },
        "end": { "line": 302, "column": 10 }
      },
      "302": {
        "start": { "line": 303, "column": 0 },
        "end": { "line": 303, "column": 27 }
      },
      "303": {
        "start": { "line": 304, "column": 0 },
        "end": { "line": 304, "column": 28 }
      },
      "304": {
        "start": { "line": 305, "column": 0 },
        "end": { "line": 305, "column": 20 }
      },
      "305": {
        "start": { "line": 306, "column": 0 },
        "end": { "line": 306, "column": 56 }
      },
      "306": {
        "start": { "line": 307, "column": 0 },
        "end": { "line": 307, "column": 62 }
      },
      "307": {
        "start": { "line": 308, "column": 0 },
        "end": { "line": 308, "column": 63 }
      },
      "308": {
        "start": { "line": 309, "column": 0 },
        "end": { "line": 309, "column": 21 }
      },
      "309": {
        "start": { "line": 310, "column": 0 },
        "end": { "line": 310, "column": 41 }
      },
      "310": {
        "start": { "line": 311, "column": 0 },
        "end": { "line": 311, "column": 71 }
      },
      "311": {
        "start": { "line": 312, "column": 0 },
        "end": { "line": 312, "column": 23 }
      },
      "312": {
        "start": { "line": 313, "column": 0 },
        "end": { "line": 313, "column": 22 }
      },
      "313": {
        "start": { "line": 314, "column": 0 },
        "end": { "line": 314, "column": 79 }
      },
      "314": {
        "start": { "line": 315, "column": 0 },
        "end": { "line": 315, "column": 10 }
      },
      "315": {
        "start": { "line": 316, "column": 0 },
        "end": { "line": 316, "column": 27 }
      },
      "316": {
        "start": { "line": 317, "column": 0 },
        "end": { "line": 317, "column": 55 }
      },
      "317": {
        "start": { "line": 318, "column": 0 },
        "end": { "line": 318, "column": 30 }
      },
      "318": {
        "start": { "line": 319, "column": 0 },
        "end": { "line": 319, "column": 27 }
      },
      "319": {
        "start": { "line": 320, "column": 0 },
        "end": { "line": 320, "column": 26 }
      },
      "320": {
        "start": { "line": 321, "column": 0 },
        "end": { "line": 321, "column": 35 }
      },
      "321": {
        "start": { "line": 322, "column": 0 },
        "end": { "line": 322, "column": 33 }
      },
      "322": {
        "start": { "line": 323, "column": 0 },
        "end": { "line": 323, "column": 32 }
      },
      "323": {
        "start": { "line": 324, "column": 0 },
        "end": { "line": 324, "column": 40 }
      },
      "324": {
        "start": { "line": 325, "column": 0 },
        "end": { "line": 325, "column": 8 }
      },
      "325": {
        "start": { "line": 326, "column": 0 },
        "end": { "line": 326, "column": 7 }
      },
      "326": {
        "start": { "line": 327, "column": 0 },
        "end": { "line": 327, "column": 25 }
      },
      "327": {
        "start": { "line": 328, "column": 0 },
        "end": { "line": 328, "column": 26 }
      },
      "328": {
        "start": { "line": 329, "column": 0 },
        "end": { "line": 329, "column": 36 }
      },
      "329": {
        "start": { "line": 330, "column": 0 },
        "end": { "line": 330, "column": 22 }
      },
      "330": {
        "start": { "line": 331, "column": 0 },
        "end": { "line": 331, "column": 74 }
      },
      "331": {
        "start": { "line": 332, "column": 0 },
        "end": { "line": 332, "column": 27 }
      },
      "332": {
        "start": { "line": 333, "column": 0 },
        "end": { "line": 333, "column": 29 }
      },
      "333": {
        "start": { "line": 334, "column": 0 },
        "end": { "line": 334, "column": 20 }
      },
      "334": {
        "start": { "line": 335, "column": 0 },
        "end": { "line": 335, "column": 54 }
      },
      "335": {
        "start": { "line": 336, "column": 0 },
        "end": { "line": 336, "column": 56 }
      },
      "336": {
        "start": { "line": 337, "column": 0 },
        "end": { "line": 337, "column": 63 }
      },
      "337": {
        "start": { "line": 338, "column": 0 },
        "end": { "line": 338, "column": 21 }
      },
      "338": {
        "start": { "line": 339, "column": 0 },
        "end": { "line": 339, "column": 52 }
      },
      "339": {
        "start": { "line": 340, "column": 0 },
        "end": { "line": 340, "column": 66 }
      },
      "340": {
        "start": { "line": 341, "column": 0 },
        "end": { "line": 341, "column": 22 }
      },
      "341": {
        "start": { "line": 342, "column": 0 },
        "end": { "line": 342, "column": 22 }
      },
      "342": {
        "start": { "line": 343, "column": 0 },
        "end": { "line": 343, "column": 66 }
      },
      "343": {
        "start": { "line": 344, "column": 0 },
        "end": { "line": 344, "column": 10 }
      },
      "344": {
        "start": { "line": 345, "column": 0 },
        "end": { "line": 345, "column": 27 }
      },
      "345": {
        "start": { "line": 346, "column": 0 },
        "end": { "line": 346, "column": 43 }
      },
      "346": {
        "start": { "line": 347, "column": 0 },
        "end": { "line": 347, "column": 31 }
      },
      "347": {
        "start": { "line": 348, "column": 0 },
        "end": { "line": 348, "column": 23 }
      },
      "348": {
        "start": { "line": 349, "column": 0 },
        "end": { "line": 349, "column": 26 }
      },
      "349": {
        "start": { "line": 350, "column": 0 },
        "end": { "line": 350, "column": 35 }
      },
      "350": {
        "start": { "line": 351, "column": 0 },
        "end": { "line": 351, "column": 33 }
      },
      "351": {
        "start": { "line": 352, "column": 0 },
        "end": { "line": 352, "column": 32 }
      },
      "352": {
        "start": { "line": 353, "column": 0 },
        "end": { "line": 353, "column": 39 }
      },
      "353": {
        "start": { "line": 354, "column": 0 },
        "end": { "line": 354, "column": 8 }
      },
      "354": {
        "start": { "line": 355, "column": 0 },
        "end": { "line": 355, "column": 7 }
      },
      "355": {
        "start": { "line": 356, "column": 0 },
        "end": { "line": 356, "column": 25 }
      },
      "356": {
        "start": { "line": 357, "column": 0 },
        "end": { "line": 357, "column": 26 }
      },
      "357": {
        "start": { "line": 358, "column": 0 },
        "end": { "line": 358, "column": 36 }
      },
      "358": {
        "start": { "line": 359, "column": 0 },
        "end": { "line": 359, "column": 22 }
      },
      "359": {
        "start": { "line": 360, "column": 0 },
        "end": { "line": 360, "column": 18 }
      },
      "360": {
        "start": { "line": 361, "column": 0 },
        "end": { "line": 361, "column": 16 }
      },
      "361": {
        "start": { "line": 362, "column": 0 },
        "end": { "line": 362, "column": 16 }
      },
      "362": {
        "start": { "line": 363, "column": 0 },
        "end": { "line": 363, "column": 16 }
      },
      "363": {
        "start": { "line": 364, "column": 0 },
        "end": { "line": 364, "column": 16 }
      },
      "364": {
        "start": { "line": 365, "column": 0 },
        "end": { "line": 365, "column": 16 }
      },
      "365": {
        "start": { "line": 366, "column": 0 },
        "end": { "line": 366, "column": 16 }
      },
      "366": {
        "start": { "line": 367, "column": 0 },
        "end": { "line": 367, "column": 16 }
      },
      "367": {
        "start": { "line": 368, "column": 0 },
        "end": { "line": 368, "column": 16 }
      },
      "368": {
        "start": { "line": 369, "column": 0 },
        "end": { "line": 369, "column": 16 }
      },
      "369": {
        "start": { "line": 370, "column": 0 },
        "end": { "line": 370, "column": 16 }
      },
      "370": {
        "start": { "line": 371, "column": 0 },
        "end": { "line": 371, "column": 16 }
      },
      "371": {
        "start": { "line": 372, "column": 0 },
        "end": { "line": 372, "column": 16 }
      },
      "372": {
        "start": { "line": 373, "column": 0 },
        "end": { "line": 373, "column": 16 }
      },
      "373": {
        "start": { "line": 374, "column": 0 },
        "end": { "line": 374, "column": 16 }
      },
      "374": {
        "start": { "line": 375, "column": 0 },
        "end": { "line": 375, "column": 16 }
      },
      "375": {
        "start": { "line": 376, "column": 0 },
        "end": { "line": 376, "column": 10 }
      },
      "376": {
        "start": { "line": 377, "column": 0 },
        "end": { "line": 377, "column": 27 }
      },
      "377": {
        "start": { "line": 378, "column": 0 },
        "end": { "line": 378, "column": 27 }
      },
      "378": {
        "start": { "line": 379, "column": 0 },
        "end": { "line": 379, "column": 20 }
      },
      "379": {
        "start": { "line": 380, "column": 0 },
        "end": { "line": 380, "column": 54 }
      },
      "380": {
        "start": { "line": 381, "column": 0 },
        "end": { "line": 381, "column": 58 }
      },
      "381": {
        "start": { "line": 382, "column": 0 },
        "end": { "line": 382, "column": 63 }
      },
      "382": {
        "start": { "line": 383, "column": 0 },
        "end": { "line": 383, "column": 21 }
      },
      "383": {
        "start": { "line": 384, "column": 0 },
        "end": { "line": 384, "column": 38 }
      },
      "384": {
        "start": { "line": 385, "column": 0 },
        "end": { "line": 385, "column": 69 }
      },
      "385": {
        "start": { "line": 386, "column": 0 },
        "end": { "line": 386, "column": 22 }
      },
      "386": {
        "start": { "line": 387, "column": 0 },
        "end": { "line": 387, "column": 22 }
      },
      "387": {
        "start": { "line": 388, "column": 0 },
        "end": { "line": 388, "column": 72 }
      },
      "388": {
        "start": { "line": 389, "column": 0 },
        "end": { "line": 389, "column": 10 }
      },
      "389": {
        "start": { "line": 390, "column": 0 },
        "end": { "line": 390, "column": 27 }
      },
      "390": {
        "start": { "line": 391, "column": 0 },
        "end": { "line": 391, "column": 52 }
      },
      "391": {
        "start": { "line": 392, "column": 0 },
        "end": { "line": 392, "column": 31 }
      },
      "392": {
        "start": { "line": 393, "column": 0 },
        "end": { "line": 393, "column": 23 }
      },
      "393": {
        "start": { "line": 394, "column": 0 },
        "end": { "line": 394, "column": 26 }
      },
      "394": {
        "start": { "line": 395, "column": 0 },
        "end": { "line": 395, "column": 34 }
      },
      "395": {
        "start": { "line": 396, "column": 0 },
        "end": { "line": 396, "column": 33 }
      },
      "396": {
        "start": { "line": 397, "column": 0 },
        "end": { "line": 397, "column": 32 }
      },
      "397": {
        "start": { "line": 398, "column": 0 },
        "end": { "line": 398, "column": 39 }
      },
      "398": {
        "start": { "line": 399, "column": 0 },
        "end": { "line": 399, "column": 8 }
      },
      "399": {
        "start": { "line": 400, "column": 0 },
        "end": { "line": 400, "column": 7 }
      },
      "400": {
        "start": { "line": 401, "column": 0 },
        "end": { "line": 401, "column": 25 }
      },
      "401": {
        "start": { "line": 402, "column": 0 },
        "end": { "line": 402, "column": 26 }
      },
      "402": {
        "start": { "line": 403, "column": 0 },
        "end": { "line": 403, "column": 36 }
      },
      "403": {
        "start": { "line": 404, "column": 0 },
        "end": { "line": 404, "column": 21 }
      },
      "404": {
        "start": { "line": 405, "column": 0 },
        "end": { "line": 405, "column": 60 }
      },
      "405": {
        "start": { "line": 406, "column": 0 },
        "end": { "line": 406, "column": 27 }
      },
      "406": {
        "start": { "line": 407, "column": 0 },
        "end": { "line": 407, "column": 24 }
      },
      "407": {
        "start": { "line": 408, "column": 0 },
        "end": { "line": 408, "column": 20 }
      },
      "408": {
        "start": { "line": 409, "column": 0 },
        "end": { "line": 409, "column": 46 }
      },
      "409": {
        "start": { "line": 410, "column": 0 },
        "end": { "line": 410, "column": 58 }
      },
      "410": {
        "start": { "line": 411, "column": 0 },
        "end": { "line": 411, "column": 63 }
      },
      "411": {
        "start": { "line": 412, "column": 0 },
        "end": { "line": 412, "column": 21 }
      },
      "412": {
        "start": { "line": 413, "column": 0 },
        "end": { "line": 413, "column": 38 }
      },
      "413": {
        "start": { "line": 414, "column": 0 },
        "end": { "line": 414, "column": 77 }
      },
      "414": {
        "start": { "line": 415, "column": 0 },
        "end": { "line": 415, "column": 22 }
      },
      "415": {
        "start": { "line": 416, "column": 0 },
        "end": { "line": 416, "column": 22 }
      },
      "416": {
        "start": { "line": 417, "column": 0 },
        "end": { "line": 417, "column": 66 }
      },
      "417": {
        "start": { "line": 418, "column": 0 },
        "end": { "line": 418, "column": 10 }
      },
      "418": {
        "start": { "line": 419, "column": 0 },
        "end": { "line": 419, "column": 27 }
      },
      "419": {
        "start": { "line": 420, "column": 0 },
        "end": { "line": 420, "column": 42 }
      },
      "420": {
        "start": { "line": 421, "column": 0 },
        "end": { "line": 421, "column": 29 }
      },
      "421": {
        "start": { "line": 422, "column": 0 },
        "end": { "line": 422, "column": 25 }
      },
      "422": {
        "start": { "line": 423, "column": 0 },
        "end": { "line": 423, "column": 26 }
      },
      "423": {
        "start": { "line": 424, "column": 0 },
        "end": { "line": 424, "column": 37 }
      },
      "424": {
        "start": { "line": 425, "column": 0 },
        "end": { "line": 425, "column": 33 }
      },
      "425": {
        "start": { "line": 426, "column": 0 },
        "end": { "line": 426, "column": 32 }
      },
      "426": {
        "start": { "line": 427, "column": 0 },
        "end": { "line": 427, "column": 39 }
      },
      "427": {
        "start": { "line": 428, "column": 0 },
        "end": { "line": 428, "column": 8 }
      },
      "428": {
        "start": { "line": 429, "column": 0 },
        "end": { "line": 429, "column": 7 }
      },
      "429": {
        "start": { "line": 430, "column": 0 },
        "end": { "line": 430, "column": 25 }
      },
      "430": {
        "start": { "line": 431, "column": 0 },
        "end": { "line": 431, "column": 26 }
      },
      "431": {
        "start": { "line": 432, "column": 0 },
        "end": { "line": 432, "column": 36 }
      },
      "432": {
        "start": { "line": 433, "column": 0 },
        "end": { "line": 433, "column": 21 }
      },
      "433": {
        "start": { "line": 434, "column": 0 },
        "end": { "line": 434, "column": 53 }
      },
      "434": {
        "start": { "line": 435, "column": 0 },
        "end": { "line": 435, "column": 27 }
      },
      "435": {
        "start": { "line": 436, "column": 0 },
        "end": { "line": 436, "column": 26 }
      },
      "436": {
        "start": { "line": 437, "column": 0 },
        "end": { "line": 437, "column": 20 }
      },
      "437": {
        "start": { "line": 438, "column": 0 },
        "end": { "line": 438, "column": 46 }
      },
      "438": {
        "start": { "line": 439, "column": 0 },
        "end": { "line": 439, "column": 58 }
      },
      "439": {
        "start": { "line": 440, "column": 0 },
        "end": { "line": 440, "column": 63 }
      },
      "440": {
        "start": { "line": 441, "column": 0 },
        "end": { "line": 441, "column": 21 }
      },
      "441": {
        "start": { "line": 442, "column": 0 },
        "end": { "line": 442, "column": 38 }
      },
      "442": {
        "start": { "line": 443, "column": 0 },
        "end": { "line": 443, "column": 67 }
      },
      "443": {
        "start": { "line": 444, "column": 0 },
        "end": { "line": 444, "column": 22 }
      },
      "444": {
        "start": { "line": 445, "column": 0 },
        "end": { "line": 445, "column": 22 }
      },
      "445": {
        "start": { "line": 446, "column": 0 },
        "end": { "line": 446, "column": 66 }
      },
      "446": {
        "start": { "line": 447, "column": 0 },
        "end": { "line": 447, "column": 10 }
      },
      "447": {
        "start": { "line": 448, "column": 0 },
        "end": { "line": 448, "column": 27 }
      },
      "448": {
        "start": { "line": 449, "column": 0 },
        "end": { "line": 449, "column": 42 }
      },
      "449": {
        "start": { "line": 450, "column": 0 },
        "end": { "line": 450, "column": 29 }
      },
      "450": {
        "start": { "line": 451, "column": 0 },
        "end": { "line": 451, "column": 25 }
      },
      "451": {
        "start": { "line": 452, "column": 0 },
        "end": { "line": 452, "column": 26 }
      },
      "452": {
        "start": { "line": 453, "column": 0 },
        "end": { "line": 453, "column": 37 }
      },
      "453": {
        "start": { "line": 454, "column": 0 },
        "end": { "line": 454, "column": 33 }
      },
      "454": {
        "start": { "line": 455, "column": 0 },
        "end": { "line": 455, "column": 32 }
      },
      "455": {
        "start": { "line": 456, "column": 0 },
        "end": { "line": 456, "column": 39 }
      },
      "456": {
        "start": { "line": 457, "column": 0 },
        "end": { "line": 457, "column": 8 }
      },
      "457": {
        "start": { "line": 458, "column": 0 },
        "end": { "line": 458, "column": 7 }
      },
      "458": {
        "start": { "line": 459, "column": 0 },
        "end": { "line": 459, "column": 25 }
      },
      "459": {
        "start": { "line": 460, "column": 0 },
        "end": { "line": 460, "column": 26 }
      },
      "460": {
        "start": { "line": 461, "column": 0 },
        "end": { "line": 461, "column": 36 }
      },
      "461": {
        "start": { "line": 462, "column": 0 },
        "end": { "line": 462, "column": 20 }
      },
      "462": {
        "start": { "line": 463, "column": 0 },
        "end": { "line": 463, "column": 32 }
      },
      "463": {
        "start": { "line": 464, "column": 0 },
        "end": { "line": 464, "column": 27 }
      },
      "464": {
        "start": { "line": 465, "column": 0 },
        "end": { "line": 465, "column": 29 }
      },
      "465": {
        "start": { "line": 466, "column": 0 },
        "end": { "line": 466, "column": 20 }
      },
      "466": {
        "start": { "line": 467, "column": 0 },
        "end": { "line": 467, "column": 46 }
      },
      "467": {
        "start": { "line": 468, "column": 0 },
        "end": { "line": 468, "column": 54 }
      },
      "468": {
        "start": { "line": 469, "column": 0 },
        "end": { "line": 469, "column": 63 }
      },
      "469": {
        "start": { "line": 470, "column": 0 },
        "end": { "line": 470, "column": 21 }
      },
      "470": {
        "start": { "line": 471, "column": 0 },
        "end": { "line": 471, "column": 36 }
      },
      "471": {
        "start": { "line": 472, "column": 0 },
        "end": { "line": 472, "column": 70 }
      },
      "472": {
        "start": { "line": 473, "column": 0 },
        "end": { "line": 473, "column": 28 }
      },
      "473": {
        "start": { "line": 474, "column": 0 },
        "end": { "line": 474, "column": 22 }
      },
      "474": {
        "start": { "line": 475, "column": 0 },
        "end": { "line": 475, "column": 79 }
      },
      "475": {
        "start": { "line": 476, "column": 0 },
        "end": { "line": 476, "column": 10 }
      },
      "476": {
        "start": { "line": 477, "column": 0 },
        "end": { "line": 477, "column": 27 }
      },
      "477": {
        "start": { "line": 478, "column": 0 },
        "end": { "line": 478, "column": 52 }
      },
      "478": {
        "start": { "line": 479, "column": 0 },
        "end": { "line": 479, "column": 29 }
      },
      "479": {
        "start": { "line": 480, "column": 0 },
        "end": { "line": 480, "column": 25 }
      },
      "480": {
        "start": { "line": 481, "column": 0 },
        "end": { "line": 481, "column": 26 }
      },
      "481": {
        "start": { "line": 482, "column": 0 },
        "end": { "line": 482, "column": 36 }
      },
      "482": {
        "start": { "line": 483, "column": 0 },
        "end": { "line": 483, "column": 33 }
      },
      "483": {
        "start": { "line": 484, "column": 0 },
        "end": { "line": 484, "column": 32 }
      },
      "484": {
        "start": { "line": 485, "column": 0 },
        "end": { "line": 485, "column": 45 }
      },
      "485": {
        "start": { "line": 486, "column": 0 },
        "end": { "line": 486, "column": 8 }
      },
      "486": {
        "start": { "line": 487, "column": 0 },
        "end": { "line": 487, "column": 7 }
      },
      "487": {
        "start": { "line": 488, "column": 0 },
        "end": { "line": 488, "column": 25 }
      },
      "488": {
        "start": { "line": 489, "column": 0 },
        "end": { "line": 489, "column": 26 }
      },
      "489": {
        "start": { "line": 490, "column": 0 },
        "end": { "line": 490, "column": 36 }
      },
      "490": {
        "start": { "line": 491, "column": 0 },
        "end": { "line": 491, "column": 21 }
      },
      "491": {
        "start": { "line": 492, "column": 0 },
        "end": { "line": 492, "column": 32 }
      },
      "492": {
        "start": { "line": 493, "column": 0 },
        "end": { "line": 493, "column": 27 }
      },
      "493": {
        "start": { "line": 494, "column": 0 },
        "end": { "line": 494, "column": 29 }
      },
      "494": {
        "start": { "line": 495, "column": 0 },
        "end": { "line": 495, "column": 20 }
      },
      "495": {
        "start": { "line": 496, "column": 0 },
        "end": { "line": 496, "column": 55 }
      },
      "496": {
        "start": { "line": 497, "column": 0 },
        "end": { "line": 497, "column": 58 }
      },
      "497": {
        "start": { "line": 498, "column": 0 },
        "end": { "line": 498, "column": 63 }
      },
      "498": {
        "start": { "line": 499, "column": 0 },
        "end": { "line": 499, "column": 21 }
      },
      "499": {
        "start": { "line": 500, "column": 0 },
        "end": { "line": 500, "column": 38 }
      },
      "500": {
        "start": { "line": 501, "column": 0 },
        "end": { "line": 501, "column": 67 }
      },
      "501": {
        "start": { "line": 502, "column": 0 },
        "end": { "line": 502, "column": 23 }
      },
      "502": {
        "start": { "line": 503, "column": 0 },
        "end": { "line": 503, "column": 22 }
      },
      "503": {
        "start": { "line": 504, "column": 0 },
        "end": { "line": 504, "column": 68 }
      },
      "504": {
        "start": { "line": 505, "column": 0 },
        "end": { "line": 505, "column": 10 }
      },
      "505": {
        "start": { "line": 506, "column": 0 },
        "end": { "line": 506, "column": 27 }
      },
      "506": {
        "start": { "line": 507, "column": 0 },
        "end": { "line": 507, "column": 43 }
      },
      "507": {
        "start": { "line": 508, "column": 0 },
        "end": { "line": 508, "column": 29 }
      },
      "508": {
        "start": { "line": 509, "column": 0 },
        "end": { "line": 509, "column": 25 }
      },
      "509": {
        "start": { "line": 510, "column": 0 },
        "end": { "line": 510, "column": 26 }
      },
      "510": {
        "start": { "line": 511, "column": 0 },
        "end": { "line": 511, "column": 37 }
      },
      "511": {
        "start": { "line": 512, "column": 0 },
        "end": { "line": 512, "column": 33 }
      },
      "512": {
        "start": { "line": 513, "column": 0 },
        "end": { "line": 513, "column": 32 }
      },
      "513": {
        "start": { "line": 514, "column": 0 },
        "end": { "line": 514, "column": 40 }
      },
      "514": {
        "start": { "line": 515, "column": 0 },
        "end": { "line": 515, "column": 8 }
      },
      "515": {
        "start": { "line": 516, "column": 0 },
        "end": { "line": 516, "column": 7 }
      },
      "516": {
        "start": { "line": 517, "column": 0 },
        "end": { "line": 517, "column": 25 }
      },
      "517": {
        "start": { "line": 518, "column": 0 },
        "end": { "line": 518, "column": 26 }
      },
      "518": {
        "start": { "line": 519, "column": 0 },
        "end": { "line": 519, "column": 36 }
      },
      "519": {
        "start": { "line": 520, "column": 0 },
        "end": { "line": 520, "column": 21 }
      },
      "520": {
        "start": { "line": 521, "column": 0 },
        "end": { "line": 521, "column": 39 }
      },
      "521": {
        "start": { "line": 522, "column": 0 },
        "end": { "line": 522, "column": 27 }
      },
      "522": {
        "start": { "line": 523, "column": 0 },
        "end": { "line": 523, "column": 24 }
      },
      "523": {
        "start": { "line": 524, "column": 0 },
        "end": { "line": 524, "column": 20 }
      },
      "524": {
        "start": { "line": 525, "column": 0 },
        "end": { "line": 525, "column": 57 }
      },
      "525": {
        "start": { "line": 526, "column": 0 },
        "end": { "line": 526, "column": 62 }
      },
      "526": {
        "start": { "line": 527, "column": 0 },
        "end": { "line": 527, "column": 63 }
      },
      "527": {
        "start": { "line": 528, "column": 0 },
        "end": { "line": 528, "column": 21 }
      },
      "528": {
        "start": { "line": 529, "column": 0 },
        "end": { "line": 529, "column": 40 }
      },
      "529": {
        "start": { "line": 530, "column": 0 },
        "end": { "line": 530, "column": 67 }
      },
      "530": {
        "start": { "line": 531, "column": 0 },
        "end": { "line": 531, "column": 23 }
      },
      "531": {
        "start": { "line": 532, "column": 0 },
        "end": { "line": 532, "column": 22 }
      },
      "532": {
        "start": { "line": 533, "column": 0 },
        "end": { "line": 533, "column": 66 }
      },
      "533": {
        "start": { "line": 534, "column": 0 },
        "end": { "line": 534, "column": 10 }
      },
      "534": {
        "start": { "line": 535, "column": 0 },
        "end": { "line": 535, "column": 27 }
      },
      "535": {
        "start": { "line": 536, "column": 0 },
        "end": { "line": 536, "column": 43 }
      },
      "536": {
        "start": { "line": 537, "column": 0 },
        "end": { "line": 537, "column": 28 }
      },
      "537": {
        "start": { "line": 538, "column": 0 },
        "end": { "line": 538, "column": 25 }
      },
      "538": {
        "start": { "line": 539, "column": 0 },
        "end": { "line": 539, "column": 26 }
      },
      "539": {
        "start": { "line": 540, "column": 0 },
        "end": { "line": 540, "column": 37 }
      },
      "540": {
        "start": { "line": 541, "column": 0 },
        "end": { "line": 541, "column": 33 }
      },
      "541": {
        "start": { "line": 542, "column": 0 },
        "end": { "line": 542, "column": 32 }
      },
      "542": {
        "start": { "line": 543, "column": 0 },
        "end": { "line": 543, "column": 40 }
      },
      "543": {
        "start": { "line": 544, "column": 0 },
        "end": { "line": 544, "column": 8 }
      },
      "544": {
        "start": { "line": 545, "column": 0 },
        "end": { "line": 545, "column": 7 }
      },
      "545": {
        "start": { "line": 546, "column": 0 },
        "end": { "line": 546, "column": 25 }
      },
      "546": {
        "start": { "line": 547, "column": 0 },
        "end": { "line": 547, "column": 26 }
      },
      "547": {
        "start": { "line": 548, "column": 0 },
        "end": { "line": 548, "column": 36 }
      },
      "548": {
        "start": { "line": 549, "column": 0 },
        "end": { "line": 549, "column": 20 }
      },
      "549": {
        "start": { "line": 550, "column": 0 },
        "end": { "line": 550, "column": 25 }
      },
      "550": {
        "start": { "line": 551, "column": 0 },
        "end": { "line": 551, "column": 27 }
      },
      "551": {
        "start": { "line": 552, "column": 0 },
        "end": { "line": 552, "column": 30 }
      },
      "552": {
        "start": { "line": 553, "column": 0 },
        "end": { "line": 553, "column": 20 }
      },
      "553": {
        "start": { "line": 554, "column": 0 },
        "end": { "line": 554, "column": 54 }
      },
      "554": {
        "start": { "line": 555, "column": 0 },
        "end": { "line": 555, "column": 56 }
      },
      "555": {
        "start": { "line": 556, "column": 0 },
        "end": { "line": 556, "column": 63 }
      },
      "556": {
        "start": { "line": 557, "column": 0 },
        "end": { "line": 557, "column": 21 }
      },
      "557": {
        "start": { "line": 558, "column": 0 },
        "end": { "line": 558, "column": 37 }
      },
      "558": {
        "start": { "line": 559, "column": 0 },
        "end": { "line": 559, "column": 67 }
      },
      "559": {
        "start": { "line": 560, "column": 0 },
        "end": { "line": 560, "column": 24 }
      },
      "560": {
        "start": { "line": 561, "column": 0 },
        "end": { "line": 561, "column": 22 }
      },
      "561": {
        "start": { "line": 562, "column": 0 },
        "end": { "line": 562, "column": 69 }
      },
      "562": {
        "start": { "line": 563, "column": 0 },
        "end": { "line": 563, "column": 10 }
      },
      "563": {
        "start": { "line": 564, "column": 0 },
        "end": { "line": 564, "column": 27 }
      },
      "564": {
        "start": { "line": 565, "column": 0 },
        "end": { "line": 565, "column": 44 }
      },
      "565": {
        "start": { "line": 566, "column": 0 },
        "end": { "line": 566, "column": 28 }
      },
      "566": {
        "start": { "line": 567, "column": 0 },
        "end": { "line": 567, "column": 25 }
      },
      "567": {
        "start": { "line": 568, "column": 0 },
        "end": { "line": 568, "column": 26 }
      },
      "568": {
        "start": { "line": 569, "column": 0 },
        "end": { "line": 569, "column": 37 }
      },
      "569": {
        "start": { "line": 570, "column": 0 },
        "end": { "line": 570, "column": 33 }
      },
      "570": {
        "start": { "line": 571, "column": 0 },
        "end": { "line": 571, "column": 32 }
      },
      "571": {
        "start": { "line": 572, "column": 0 },
        "end": { "line": 572, "column": 41 }
      },
      "572": {
        "start": { "line": 573, "column": 0 },
        "end": { "line": 573, "column": 8 }
      },
      "573": {
        "start": { "line": 574, "column": 0 },
        "end": { "line": 574, "column": 7 }
      },
      "574": {
        "start": { "line": 575, "column": 0 },
        "end": { "line": 575, "column": 25 }
      },
      "575": {
        "start": { "line": 576, "column": 0 },
        "end": { "line": 576, "column": 26 }
      },
      "576": {
        "start": { "line": 577, "column": 0 },
        "end": { "line": 577, "column": 36 }
      },
      "577": {
        "start": { "line": 578, "column": 0 },
        "end": { "line": 578, "column": 20 }
      },
      "578": {
        "start": { "line": 579, "column": 0 },
        "end": { "line": 579, "column": 53 }
      },
      "579": {
        "start": { "line": 580, "column": 0 },
        "end": { "line": 580, "column": 27 }
      },
      "580": {
        "start": { "line": 581, "column": 0 },
        "end": { "line": 581, "column": 24 }
      },
      "581": {
        "start": { "line": 582, "column": 0 },
        "end": { "line": 582, "column": 20 }
      },
      "582": {
        "start": { "line": 583, "column": 0 },
        "end": { "line": 583, "column": 53 }
      },
      "583": {
        "start": { "line": 584, "column": 0 },
        "end": { "line": 584, "column": 54 }
      },
      "584": {
        "start": { "line": 585, "column": 0 },
        "end": { "line": 585, "column": 63 }
      },
      "585": {
        "start": { "line": 586, "column": 0 },
        "end": { "line": 586, "column": 21 }
      },
      "586": {
        "start": { "line": 587, "column": 0 },
        "end": { "line": 587, "column": 68 }
      },
      "587": {
        "start": { "line": 588, "column": 0 },
        "end": { "line": 588, "column": 65 }
      },
      "588": {
        "start": { "line": 589, "column": 0 },
        "end": { "line": 589, "column": 28 }
      },
      "589": {
        "start": { "line": 590, "column": 0 },
        "end": { "line": 590, "column": 22 }
      },
      "590": {
        "start": { "line": 591, "column": 0 },
        "end": { "line": 591, "column": 70 }
      },
      "591": {
        "start": { "line": 592, "column": 0 },
        "end": { "line": 592, "column": 10 }
      },
      "592": {
        "start": { "line": 593, "column": 0 },
        "end": { "line": 593, "column": 27 }
      },
      "593": {
        "start": { "line": 594, "column": 0 },
        "end": { "line": 594, "column": 45 }
      },
      "594": {
        "start": { "line": 595, "column": 0 },
        "end": { "line": 595, "column": 28 }
      },
      "595": {
        "start": { "line": 596, "column": 0 },
        "end": { "line": 596, "column": 25 }
      },
      "596": {
        "start": { "line": 597, "column": 0 },
        "end": { "line": 597, "column": 26 }
      },
      "597": {
        "start": { "line": 598, "column": 0 },
        "end": { "line": 598, "column": 36 }
      },
      "598": {
        "start": { "line": 599, "column": 0 },
        "end": { "line": 599, "column": 33 }
      },
      "599": {
        "start": { "line": 600, "column": 0 },
        "end": { "line": 600, "column": 32 }
      },
      "600": {
        "start": { "line": 601, "column": 0 },
        "end": { "line": 601, "column": 45 }
      },
      "601": {
        "start": { "line": 602, "column": 0 },
        "end": { "line": 602, "column": 8 }
      },
      "602": {
        "start": { "line": 603, "column": 0 },
        "end": { "line": 603, "column": 7 }
      },
      "603": {
        "start": { "line": 604, "column": 0 },
        "end": { "line": 604, "column": 25 }
      },
      "604": {
        "start": { "line": 605, "column": 0 },
        "end": { "line": 605, "column": 26 }
      },
      "605": {
        "start": { "line": 606, "column": 0 },
        "end": { "line": 606, "column": 36 }
      },
      "606": {
        "start": { "line": 607, "column": 0 },
        "end": { "line": 607, "column": 20 }
      },
      "607": {
        "start": { "line": 608, "column": 0 },
        "end": { "line": 608, "column": 74 }
      },
      "608": {
        "start": { "line": 609, "column": 0 },
        "end": { "line": 609, "column": 27 }
      },
      "609": {
        "start": { "line": 610, "column": 0 },
        "end": { "line": 610, "column": 26 }
      },
      "610": {
        "start": { "line": 611, "column": 0 },
        "end": { "line": 611, "column": 20 }
      },
      "611": {
        "start": { "line": 612, "column": 0 },
        "end": { "line": 612, "column": 46 }
      },
      "612": {
        "start": { "line": 613, "column": 0 },
        "end": { "line": 613, "column": 60 }
      },
      "613": {
        "start": { "line": 614, "column": 0 },
        "end": { "line": 614, "column": 63 }
      },
      "614": {
        "start": { "line": 615, "column": 0 },
        "end": { "line": 615, "column": 21 }
      },
      "615": {
        "start": { "line": 616, "column": 0 },
        "end": { "line": 616, "column": 37 }
      },
      "616": {
        "start": { "line": 617, "column": 0 },
        "end": { "line": 617, "column": 77 }
      },
      "617": {
        "start": { "line": 618, "column": 0 },
        "end": { "line": 618, "column": 24 }
      },
      "618": {
        "start": { "line": 619, "column": 0 },
        "end": { "line": 619, "column": 22 }
      },
      "619": {
        "start": { "line": 620, "column": 0 },
        "end": { "line": 620, "column": 73 }
      },
      "620": {
        "start": { "line": 621, "column": 0 },
        "end": { "line": 621, "column": 10 }
      },
      "621": {
        "start": { "line": 622, "column": 0 },
        "end": { "line": 622, "column": 27 }
      },
      "622": {
        "start": { "line": 623, "column": 0 },
        "end": { "line": 623, "column": 45 }
      },
      "623": {
        "start": { "line": 624, "column": 0 },
        "end": { "line": 624, "column": 28 }
      },
      "624": {
        "start": { "line": 625, "column": 0 },
        "end": { "line": 625, "column": 25 }
      },
      "625": {
        "start": { "line": 626, "column": 0 },
        "end": { "line": 626, "column": 26 }
      },
      "626": {
        "start": { "line": 627, "column": 0 },
        "end": { "line": 627, "column": 36 }
      },
      "627": {
        "start": { "line": 628, "column": 0 },
        "end": { "line": 628, "column": 33 }
      },
      "628": {
        "start": { "line": 629, "column": 0 },
        "end": { "line": 629, "column": 32 }
      },
      "629": {
        "start": { "line": 630, "column": 0 },
        "end": { "line": 630, "column": 41 }
      },
      "630": {
        "start": { "line": 631, "column": 0 },
        "end": { "line": 631, "column": 8 }
      },
      "631": {
        "start": { "line": 632, "column": 0 },
        "end": { "line": 632, "column": 7 }
      },
      "632": {
[...]
            "end": { "line": 17, "column": 2 }
          }
        ]
      }
    },
    "b": { "0": [104] },
    "fnMap": {
      "0": {
        "name": "serializeCountry",
        "decl": {
          "start": { "line": 4, "column": 25 },
          "end": { "line": 17, "column": 2 }
        },
        "loc": {
          "start": { "line": 4, "column": 25 },
          "end": { "line": 17, "column": 2 }
        },
        "line": 4
      },
      "1": {
        "name": "convertToBase64",
        "decl": {
          "start": { "line": 19, "column": 24 },
          "end": { "line": 29, "column": 2 }
        },
        "loc": {
          "start": { "line": 19, "column": 24 },
          "end": { "line": 29, "column": 2 }
        },
        "line": 19
      },
      "2": {
        "name": "validateImage",
        "decl": {
          "start": { "line": 31, "column": 22 },
          "end": { "line": 48, "column": 2 }
        },
        "loc": {
          "start": { "line": 31, "column": 22 },
          "end": { "line": 48, "column": 2 }
        },
        "line": 31
      },
      "3": {
        "name": "handleImageChange",
        "decl": {
          "start": { "line": 50, "column": 26 },
          "end": { "line": 83, "column": 2 }
        },
        "loc": {
          "start": { "line": 50, "column": 26 },
          "end": { "line": 83, "column": 2 }
        },
        "line": 50
      }
    },
    "f": { "0": 104, "1": 0, "2": 0, "3": 0 }
  },
  "/Users/ales/Desktop/Cources/React/react-forms/src/store/index.ts": {
    "path": "/Users/ales/Desktop/Cources/React/react-forms/src/store/index.ts",
    "all": false,
    "statementMap": {
      "0": {
        "start": { "line": 1, "column": 0 },
        "end": { "line": 1, "column": 50 }
      },
      "1": {
        "start": { "line": 2, "column": 0 },
        "end": { "line": 2, "column": 62 }
      },
      "2": {
        "start": { "line": 3, "column": 0 },
        "end": { "line": 3, "column": 64 }
      },
      "4": {
        "start": { "line": 5, "column": 0 },
        "end": { "line": 5, "column": 37 }
      },
      "5": {
        "start": { "line": 6, "column": 0 },
        "end": { "line": 6, "column": 12 }
      },
      "6": {
        "start": { "line": 7, "column": 0 },
        "end": { "line": 7, "column": 38 }
      },
      "7": {
        "start": { "line": 8, "column": 0 },
        "end": { "line": 8, "column": 46 }
      },
      "8": {
        "start": { "line": 9, "column": 0 },
        "end": { "line": 9, "column": 4 }
      },
      "9": {
        "start": { "line": 10, "column": 0 },
        "end": { "line": 10, "column": 3 }
      }
    },
    "s": {
      "0": 1,
      "1": 1,
      "2": 1,
      "4": 1,
      "5": 1,
      "6": 1,
      "7": 1,
      "8": 1,
      "9": 1
    },
    "branchMap": {},
    "b": {},
    "fnMap": {},
    "f": {}
  },
  "/Users/ales/Desktop/Cources/React/react-forms/src/store/types.ts": {
    "path": "/Users/ales/Desktop/Cources/React/react-forms/src/store/types.ts",
    "all": false,
    "statementMap": {},
    "s": {},
    "branchMap": {},
    "b": {},
    "fnMap": {},
    "f": {}
  },
  "/Users/ales/Desktop/Cources/React/react-forms/src/store/slices/formSlicer.ts": {
    "path": "/Users/ales/Desktop/Cources/React/react-forms/src/store/slices/formSlicer.ts",
    "all": false,
    "statementMap": {
      "0": {
        "start": { "line": 1, "column": 0 },
        "end": { "line": 1, "column": 67 }
      },
      "1": {
        "start": { "line": 2, "column": 0 },
        "end": { "line": 2, "column": 75 }
      },
      "3": {
        "start": { "line": 4, "column": 0 },
        "end": { "line": 4, "column": 39 }
      },
      "4": {
        "start": { "line": 5, "column": 0 },
        "end": { "line": 5, "column": 11 }
      },
      "5": {
        "start": { "line": 6, "column": 0 },
        "end": { "line": 6, "column": 9 }
      },
      "6": {
        "start": { "line": 7, "column": 0 },
        "end": { "line": 7, "column": 12 }
      },
      "7": {
        "start": { "line": 8, "column": 0 },
        "end": { "line": 8, "column": 15 }
      },
      "8": {
        "start": { "line": 9, "column": 0 },
        "end": { "line": 9, "column": 22 }
      },
      "9": {
        "start": { "line": 10, "column": 0 },
        "end": { "line": 10, "column": 13 }
      },
      "10": {
        "start": { "line": 11, "column": 0 },
        "end": { "line": 11, "column": 15 }
      },
      "11": {
        "start": { "line": 12, "column": 0 },
        "end": { "line": 12, "column": 18 }
      },
      "12": {
        "start": { "line": 13, "column": 0 },
        "end": { "line": 13, "column": 14 }
      },
      "13": {
        "start": { "line": 14, "column": 0 },
        "end": { "line": 14, "column": 2 }
      },
      "15": {
        "start": { "line": 16, "column": 0 },
        "end": { "line": 16, "column": 49 }
      },
      "16": {
        "start": { "line": 17, "column": 0 },
        "end": { "line": 17, "column": 25 }
      },
      "17": {
        "start": { "line": 18, "column": 0 },
        "end": { "line": 18, "column": 34 }
      },
      "18": {
        "start": { "line": 19, "column": 0 },
        "end": { "line": 19, "column": 13 }
      },
      "19": {
        "start": { "line": 20, "column": 0 },
        "end": { "line": 20, "column": 77 }
      },
      "20": {
        "start": { "line": 21, "column": 0 },
        "end": { "line": 21, "column": 45 }
      },
      "21": {
        "start": { "line": 22, "column": 0 },
        "end": { "line": 22, "column": 6 }
      },
      "22": {
        "start": { "line": 23, "column": 0 },
        "end": { "line": 23, "column": 4 }
      },
      "23": {
        "start": { "line": 24, "column": 0 },
        "end": { "line": 24, "column": 3 }
      },
      "25": {
        "start": { "line": 26, "column": 0 },
        "end": { "line": 26, "column": 68 }
      },
      "26": {
        "start": { "line": 27, "column": 0 },
        "end": { "line": 27, "column": 51 }
      }
    },
    "s": {
      "0": 1,
      "1": 1,
      "3": 1,
      "4": 1,
      "5": 1,
      "6": 1,
      "7": 1,
      "8": 1,
      "9": 1,
      "10": 1,
      "11": 1,
      "12": 1,
      "13": 1,
      "15": 1,
      "16": 1,
      "17": 1,
      "18": 1,
      "19": 1,
      "20": 28,
      "21": 28,
      "22": 1,
      "23": 1,
      "25": 1,
      "26": 1
    },
    "branchMap": {
      "0": {
        "type": "branch",
        "line": 20,
        "loc": {
          "start": { "line": 20, "column": 18 },
          "end": { "line": 22, "column": 6 }
        },
        "locations": [
          {
            "start": { "line": 20, "column": 18 },
            "end": { "line": 22, "column": 6 }
          }
        ]
      }
    },
    "b": { "0": [28] },
    "fnMap": {
      "0": {
        "name": "setFormValue",
        "decl": {
          "start": { "line": 20, "column": 18 },
          "end": { "line": 22, "column": 6 }
        },
        "loc": {
          "start": { "line": 20, "column": 18 },
          "end": { "line": 22, "column": 6 }
        },
        "line": 20
      }
    },
    "f": { "0": 28 }
  },
  "/Users/ales/Desktop/Cources/React/react-forms/src/store/slices/selectedCountries.ts": {
    "path": "/Users/ales/Desktop/Cources/React/react-forms/src/store/slices/selectedCountries.ts",
    "all": false,
    "statementMap": {
      "0": {
        "start": { "line": 1, "column": 0 },
        "end": { "line": 1, "column": 8 }
      },
      "5": {
        "start": { "line": 6, "column": 0 },
        "end": { "line": 6, "column": 66 }
      },
      "6": {
        "start": { "line": 7, "column": 0 },
        "end": { "line": 7, "column": 40 }
      },
      "7": {
        "start": { "line": 8, "column": 0 },
        "end": { "line": 8, "column": 45 }
      },
      "15": {
        "start": { "line": 16, "column": 0 },
        "end": { "line": 16, "column": 46 }
      },
      "16": {
        "start": { "line": 17, "column": 0 },
        "end": { "line": 17, "column": 16 }
      },
      "17": {
        "start": { "line": 18, "column": 0 },
        "end": { "line": 18, "column": 19 }
      },
      "18": {
        "start": { "line": 19, "column": 0 },
        "end": { "line": 19, "column": 14 }
      },
      "19": {
        "start": { "line": 20, "column": 0 },
        "end": { "line": 20, "column": 2 }
      },
      "21": {
        "start": { "line": 22, "column": 0 },
        "end": { "line": 22, "column": 47 }
      },
      "22": {
        "start": { "line": 23, "column": 0 },
        "end": { "line": 23, "column": 37 }
      },
      "23": {
        "start": { "line": 24, "column": 0 },
        "end": { "line": 24, "column": 15 }
      },
      "24": {
        "start": { "line": 25, "column": 0 },
        "end": { "line": 25, "column": 43 }
      },
      "25": {
        "start": { "line": 26, "column": 0 },
        "end": { "line": 26, "column": 51 }
      },
      "26": {
        "start": { "line": 27, "column": 0 },
        "end": { "line": 27, "column": 17 }
      },
      "27": {
        "start": { "line": 28, "column": 0 },
        "end": { "line": 28, "column": 51 }
      },
      "28": {
        "start": { "line": 29, "column": 0 },
        "end": { "line": 29, "column": 63 }
      },
      "29": {
        "start": { "line": 30, "column": 0 },
        "end": { "line": 30, "column": 31 }
      },
      "30": {
        "start": { "line": 31, "column": 0 },
        "end": { "line": 31, "column": 6 }
      },
      "32": {
        "start": { "line": 33, "column": 0 },
        "end": { "line": 33, "column": 31 }
      },
      "33": {
        "start": { "line": 34, "column": 0 },
        "end": { "line": 34, "column": 3 }
      },
      "34": {
        "start": { "line": 35, "column": 0 },
        "end": { "line": 35, "column": 2 }
      },
      "36": {
        "start": { "line": 37, "column": 0 },
        "end": { "line": 37, "column": 44 }
      },
      "37": {
        "start": { "line": 38, "column": 0 },
        "end": { "line": 38, "column": 28 }
      },
      "38": {
        "start": { "line": 39, "column": 0 },
        "end": { "line": 39, "column": 15 }
      },
      "39": {
        "start": { "line": 40, "column": 0 },
        "end": { "line": 40, "column": 13 }
      },
      "40": {
        "start": { "line": 41, "column": 0 },
        "end": { "line": 41, "column": 64 }
      },
      "41": {
        "start": { "line": 42, "column": 0 },
        "end": { "line": 42, "column": 39 }
      },
      "42": {
        "start": { "line": 43, "column": 0 },
        "end": { "line": 43, "column": 6 }
      },
      "44": {
        "start": { "line": 45, "column": 0 },
        "end": { "line": 45, "column": 62 }
      },
      "45": {
        "start": { "line": 46, "column": 0 },
        "end": { "line": 46, "column": 39 }
      },
      "46": {
        "start": { "line": 47, "column": 0 },
        "end": { "line": 47, "column": 6 }
      },
      "47": {
        "start": { "line": 48, "column": 0 },
        "end": { "line": 48, "column": 64 }
      },
      "48": {
        "start": { "line": 49, "column": 0 },
        "end": { "line": 49, "column": 35 }
      },
      "49": {
        "start": { "line": 50, "column": 0 },
        "end": { "line": 50, "column": 6 }
      },
      "50": {
        "start": { "line": 51, "column": 0 },
        "end": { "line": 51, "column": 4 }
      },
      "51": {
        "start": { "line": 52, "column": 0 },
        "end": { "line": 52, "column": 31 }
      },
      "52": {
        "start": { "line": 53, "column": 0 },
        "end": { "line": 53, "column": 11 }
      },
      "53": {
        "start": { "line": 54, "column": 0 },
        "end": { "line": 54, "column": 51 }
      },
      "54": {
        "start": { "line": 55, "column": 0 },
        "end": { "line": 55, "column": 31 }
      },
      "55": {
        "start": { "line": 56, "column": 0 },
        "end": { "line": 56, "column": 27 }
      },
      "56": {
        "start": { "line": 57, "column": 0 },
        "end": { "line": 57, "column": 8 }
      },
      "57": {
        "start": { "line": 58, "column": 0 },
        "end": { "line": 58, "column": 61 }
      },
      "58": {
        "start": { "line": 59, "column": 0 },
        "end": { "line": 59, "column": 32 }
      },
      "59": {
        "start": { "line": 60, "column": 0 },
        "end": { "line": 60, "column": 41 }
      },
      "60": {
        "start": { "line": 61, "column": 0 },
        "end": { "line": 61, "column": 27 }
      },
      "62": {
        "start": { "line": 63, "column": 0 },
        "end": { "line": 63, "column": 58 }
      },
      "63": {
        "start": { "line": 64, "column": 0 },
        "end": { "line": 64, "column": 78 }
      },
      "64": {
        "start": { "line": 65, "column": 0 },
        "end": { "line": 65, "column": 9 }
      },
      "65": {
        "start": { "line": 66, "column": 0 },
        "end": { "line": 66, "column": 8 }
      },
      "66": {
        "start": { "line": 67, "column": 0 },
        "end": { "line": 67, "column": 60 }
      },
      "67": {
        "start": { "line": 68, "column": 0 },
        "end": { "line": 68, "column": 32 }
      },
      "68": {
        "start": { "line": 69, "column": 0 },
        "end": { "line": 69, "column": 74 }
      },
      "69": {
        "start": { "line": 70, "column": 0 },
        "end": { "line": 70, "column": 9 }
      },
      "70": {
        "start": { "line": 71, "column": 0 },
        "end": { "line": 71, "column": 4 }
      },
      "71": {
        "start": { "line": 72, "column": 0 },
        "end": { "line": 72, "column": 3 }
      },
      "73": {
        "start": { "line": 74, "column": 0 },
        "end": { "line": 74, "column": 55 }
      },
      "74": {
        "start": { "line": 75, "column": 0 },
        "end": { "line": 75, "column": 33 }
      },
      "75": {
        "start": { "line": 76, "column": 0 },
        "end": { "line": 76, "column": 46 }
      }
    },
    "s": {
      "0": 1,
      "5": 1,
      "6": 1,
      "7": 1,
      "15": 1,
      "16": 1,
      "17": 1,
      "18": 1,
      "19": 1,
      "21": 1,
      "22": 1,
      "23": 1,
      "24": 6,
      "25": 4,
      "26": 4,
      "27": 0,
      "28": 6,
      "29": 104,
      "30": 6,
      "32": 6,
      "33": 6,
      "34": 1,
      "36": 1,
      "37": 1,
      "38": 1,
      "39": 1,
      "40": 1,
      "41": 6,
      "42": 6,
      "44": 1,
      "45": 7,
      "46": 7,
      "47": 1,
      "48": 7,
      "49": 7,
      "50": 1,
      "51": 1,
      "52": 15,
      "53": 15,
      "54": 6,
      "55": 6,
      "56": 15,
      "57": 15,
      "58": 4,
      "59": 4,
      "60": 4,
      "62": 4,
      "63": 4,
      "64": 4,
      "65": 15,
      "66": 15,
      "67": 0,
      "68": 0,
      "69": 15,
      "70": 15,
      "71": 1,
      "73": 1,
      "74": 1,
      "75": 1
    },
    "branchMap": {
      "0": {
        "type": "branch",
        "line": 24,
        "loc": {
          "start": { "line": 24, "column": 2 },
          "end": { "line": 34, "column": 3 }
        },
        "locations": [
          {
            "start": { "line": 24, "column": 2 },
            "end": { "line": 34, "column": 3 }
          }
        ]
      },
      "1": {
        "type": "branch",
        "line": 25,
        "loc": {
          "start": { "line": 25, "column": 41 },
          "end": { "line": 27, "column": 17 }
        },
        "locations": [
          {
            "start": { "line": 25, "column": 41 },
            "end": { "line": 27, "column": 17 }
          }
        ]
      },
      "2": {
        "type": "branch",
        "line": 27,
        "loc": {
          "start": { "line": 27, "column": 8 },
          "end": { "line": 28, "column": 51 }
        },
        "locations": [
          {
            "start": { "line": 27, "column": 8 },
            "end": { "line": 28, "column": 51 }
          }
        ]
      },
      "3": {
        "type": "branch",
        "line": 29,
        "loc": {
          "start": { "line": 29, "column": 51 },
          "end": { "line": 30, "column": 31 }
        },
        "locations": [
          {
            "start": { "line": 29, "column": 51 },
            "end": { "line": 30, "column": 31 }
          }
        ]
      },
      "4": {
        "type": "branch",
        "line": 41,
        "loc": {
          "start": { "line": 41, "column": 18 },
          "end": { "line": 43, "column": 6 }
        },
        "locations": [
          {
            "start": { "line": 41, "column": 18 },
            "end": { "line": 43, "column": 6 }
          }
        ]
      },
      "5": {
        "type": "branch",
        "line": 45,
        "loc": {
          "start": { "line": 45, "column": 18 },
          "end": { "line": 47, "column": 6 }
        },
        "locations": [
          {
            "start": { "line": 45, "column": 18 },
            "end": { "line": 47, "column": 6 }
          }
        ]
      },
      "6": {
        "type": "branch",
        "line": 48,
        "loc": {
          "start": { "line": 48, "column": 14 },
          "end": { "line": 50, "column": 6 }
        },
        "locations": [
          {
            "start": { "line": 48, "column": 14 },
            "end": { "line": 50, "column": 6 }
          }
        ]
      },
      "7": {
        "type": "branch",
        "line": 52,
        "loc": {
          "start": { "line": 52, "column": 17 },
          "end": { "line": 71, "column": 4 }
        },
        "locations": [
          {
            "start": { "line": 52, "column": 17 },
            "end": { "line": 71, "column": 4 }
          }
        ]
      },
      "8": {
        "type": "branch",
        "line": 54,
        "loc": {
          "start": { "line": 54, "column": 39 },
          "end": { "line": 57, "column": 7 }
        },
        "locations": [
          {
            "start": { "line": 54, "column": 39 },
            "end": { "line": 57, "column": 7 }
          }
        ]
      },
      "9": {
        "type": "branch",
        "line": 58,
        "loc": {
          "start": { "line": 58, "column": 41 },
          "end": { "line": 66, "column": 7 }
        },
        "locations": [
          {
            "start": { "line": 58, "column": 41 },
            "end": { "line": 66, "column": 7 }
          }
        ]
      }
    },
    "b": {
      "0": [6],
      "1": [4],
      "2": [0],
      "3": [104],
      "4": [6],
      "5": [7],
      "6": [7],
      "7": [15],
      "8": [6],
      "9": [4]
    },
    "fnMap": {
      "0": {
        "name": "setCountries",
        "decl": {
          "start": { "line": 41, "column": 18 },
          "end": { "line": 43, "column": 6 }
        },
        "loc": {
          "start": { "line": 41, "column": 18 },
          "end": { "line": 43, "column": 6 }
        },
        "line": 41
      },
      "1": {
        "name": "setIsLoading",
        "decl": {
          "start": { "line": 45, "column": 18 },
          "end": { "line": 47, "column": 6 }
        },
        "loc": {
          "start": { "line": 45, "column": 18 },
          "end": { "line": 47, "column": 6 }
        },
        "line": 45
      },
      "2": {
        "name": "setError",
        "decl": {
          "start": { "line": 48, "column": 14 },
          "end": { "line": 50, "column": 6 }
        },
        "loc": {
          "start": { "line": 48, "column": 14 },
          "end": { "line": 50, "column": 6 }
        },
        "line": 48
      },
      "3": {
        "name": "extraReducers",
        "decl": {
          "start": { "line": 52, "column": 17 },
          "end": { "line": 71, "column": 4 }
        },
        "loc": {
          "start": { "line": 52, "column": 17 },
          "end": { "line": 71, "column": 4 }
        },
        "line": 52
      }
    },
    "f": { "0": 6, "1": 7, "2": 7, "3": 15 }
  }
}
